#
# There is insufficient memory for the Java Runtime Environment to continue.
# Native memory allocation (mmap) failed to map 67108864 bytes for G1 virtual space
# Possible reasons:
#   The system is out of physical RAM or swap space
#   The process is running with CompressedOops enabled, and the Java Heap may be blocking the growth of the native heap
# Possible solutions:
#   Reduce memory load on the system
#   Increase physical memory or swap space
#   Check if swap backing store is full
#   Decrease Java heap size (-Xmx/-Xms)
#   Decrease number of Java threads
#   Decrease Java thread stack sizes (-Xss)
#   Set larger code cache with -XX:ReservedCodeCacheSize=
#   JVM is running with Unscaled Compressed Oops mode in which the Java heap is
#     placed in the first 4GB address space. The Java Heap base address is the
#     maximum limit for the native heap growth. Please use -XX:HeapBaseMinAddress
#     to set the Java Heap base and to place the Java Heap above 4GB virtual address.
# This output file may be truncated or incomplete.
#
#  Out of Memory Error (os_windows.cpp:3600), pid=19236, tid=19300
#
# JRE version:  (21.0.2+13) (build )
# Java VM: Java HotSpot(TM) 64-Bit Server VM (21.0.2+13-LTS-58, mixed mode, sharing, tiered, compressed oops, compressed class ptrs, g1 gc, windows-amd64)
# No core dump will be written. Minidumps are not enabled by default on client versions of Windows
#

---------------  S U M M A R Y ------------

Command Line: -Dfile.encoding=UTF-8 --module-path=E:\OneDrive\Documents\NetBeansProjects\project-1\build\classes project.pkg1.Login

Host: Intel(R) Core(TM) i5-2400 CPU @ 3.10GHz, 4 cores, 3G,  Windows 10 , 64 bit Build 19041 (10.0.19041.3636)
Time: Wed Jul 10 02:06:20 2024 Pakistan Standard Time elapsed time: 0.042148 seconds (0d 0h 0m 0s)

---------------  T H R E A D  ---------------

Current thread (0x00000194d1269bf0):  JavaThread "Unknown thread" [_thread_in_vm, id=19300, stack(0x000000755df00000,0x000000755e000000) (1024K)]

Stack: [0x000000755df00000,0x000000755e000000]
Native frames: (J=compiled Java code, j=interpreted, Vv=VM code, C=native code)
V  [jvm.dll+0x6cade9]
V  [jvm.dll+0x8569c1]
V  [jvm.dll+0x858d2e]
V  [jvm.dll+0x859413]
V  [jvm.dll+0x280e56]
V  [jvm.dll+0x6c74d5]
V  [jvm.dll+0x6bbeca]
V  [jvm.dll+0x355bca]
V  [jvm.dll+0x35d816]
V  [jvm.dll+0x3ae67e]
V  [jvm.dll+0x3ae928]
V  [jvm.dll+0x3295dc]
V  [jvm.dll+0x32a16b]
V  [jvm.dll+0x81efa9]
V  [jvm.dll+0x3bba01]
V  [jvm.dll+0x807928]
V  [jvm.dll+0x44f50e]
V  [jvm.dll+0x450e11]
C  [jli.dll+0x52a3]
C  [ucrtbase.dll+0x21bb2]
C  [KERNEL32.DLL+0x17344]
C  [ntdll.dll+0x4cc91]


---------------  P R O C E S S  ---------------

Threads class SMR info:
_java_thread_list=0x00007ff8ac9bbb88, length=0, elements={
}

Java Threads: ( => current thread )
Total: 0

Other Threads:
  0x00000194d333e800 WorkerThread "GC Thread#0"                     [id=19304, stack(0x000000755e000000,0x000000755e100000) (1024K)]
  0x00000194d33477d0 ConcurrentGCThread "G1 Main Marker"            [id=19308, stack(0x000000755e100000,0x000000755e200000) (1024K)]
  0x00000194d3349280 WorkerThread "G1 Conc#0"                       [id=19312, stack(0x000000755e200000,0x000000755e300000) (1024K)]

[error occurred during error reporting (printing all threads), id 0xc0000005, EXCEPTION_ACCESS_VIOLATION (0xc0000005) at pc=0x00007ff8ac12c6a7]
VM state: not at safepoint (not fully initialized)

VM Mutex/Monitor currently owned by a thread:  ([mutex/lock_event])
[0x00007ff8aca2ce68] Heap_lock - owner thread: 0x00000194d1269bf0

Heap address: 0x00000000c0e00000, size: 1010 MB, Compressed Oops mode: 32-bit

CDS archive(s) mapped at: [0x0000000000000000-0x0000000000000000-0x0000000000000000), size 0, SharedBaseAddress: 0x0000000800000000, ArchiveRelocationMode: 1.
Narrow klass base: 0x0000000000000000, Narrow klass shift: 0, Narrow klass range: 0x0

GC Precious Log:
 CardTable entry size: 512
 Card Set container configuration: InlinePtr #cards 5 size 8 Array Of Cards #cards 12 size 40 Howl #buckets 4 coarsen threshold 1843 Howl Bitmap #cards 512 size 80 coarsen threshold 460 Card regions per heap region 1 cards per card region 2048

Heap:
 garbage-first heap   total 0K, used 0K [0x00000000c0e00000, 0x0000000100000000)
  region size 1024K, 0 young (0K), 0 survivors (0K)

[error occurred during error reporting (printing heap information), id 0xc0000005, EXCEPTION_ACCESS_VIOLATION (0xc0000005) at pc=0x00007ff8ac5139f9]
GC Heap History (0 events):
No events

Dll operation events (1 events):
Event: 0.007 Loaded shared library C:\Program Files\Java\jdk-21\bin\java.dll

Deoptimization events (0 events):
No events

Classes loaded (0 events):
No events

Classes unloaded (0 events):
No events

Classes redefined (0 events):
No events

Internal exceptions (0 events):
No events

ZGC Phase Switch (0 events):
No events

VM Operations (0 events):
No events

Events (0 events):
No events


Dynamic libraries:
0x00007ff79df30000 - 0x00007ff79df40000 	C:\Program Files\Java\jdk-21\bin\java.exe
0x00007ff924f90000 - 0x00007ff925188000 	C:\WINDOWS\SYSTEM32\ntdll.dll
0x00007ff923580000 - 0x00007ff92363d000 	C:\WINDOWS\System32\KERNEL32.DLL
0x00007ff922920000 - 0x00007ff922c16000 	C:\WINDOWS\System32\KERNELBASE.dll
0x00007ff922700000 - 0x00007ff922800000 	C:\WINDOWS\System32\ucrtbase.dll
0x00007ff91c2a0000 - 0x00007ff91c2bb000 	C:\Program Files\Java\jdk-21\bin\VCRUNTIME140.dll
0x00007ff900af0000 - 0x00007ff900b09000 	C:\Program Files\Java\jdk-21\bin\jli.dll
0x00007ff9232d0000 - 0x00007ff923380000 	C:\WINDOWS\System32\ADVAPI32.dll
0x00007ff923000000 - 0x00007ff92309e000 	C:\WINDOWS\System32\msvcrt.dll
0x00007ff924890000 - 0x00007ff924930000 	C:\WINDOWS\System32\sechost.dll
0x00007ff923880000 - 0x00007ff9239a3000 	C:\WINDOWS\System32\RPCRT4.dll
0x00007ff922d30000 - 0x00007ff922d57000 	C:\WINDOWS\System32\bcrypt.dll
0x00007ff924db0000 - 0x00007ff924f4f000 	C:\WINDOWS\System32\USER32.dll
0x00007ff922c20000 - 0x00007ff922c42000 	C:\WINDOWS\System32\win32u.dll
0x00007ff90caf0000 - 0x00007ff90cd8a000 	C:\WINDOWS\WinSxS\amd64_microsoft.windows.common-controls_6595b64144ccf1df_6.0.19041.4355_none_60b8b9eb71f62e16\COMCTL32.dll
0x00007ff922fd0000 - 0x00007ff922ffb000 	C:\WINDOWS\System32\GDI32.dll
0x00007ff922800000 - 0x00007ff922917000 	C:\WINDOWS\System32\gdi32full.dll
0x00007ff922d60000 - 0x00007ff922dfd000 	C:\WINDOWS\System32\msvcp_win.dll
0x00007ff912540000 - 0x00007ff91254a000 	C:\WINDOWS\SYSTEM32\VERSION.dll
0x00007ff924d80000 - 0x00007ff924daf000 	C:\WINDOWS\System32\IMM32.DLL
0x00007ff91f330000 - 0x00007ff91f33c000 	C:\Program Files\Java\jdk-21\bin\vcruntime140_1.dll
0x00007ff8f7910000 - 0x00007ff8f799e000 	C:\Program Files\Java\jdk-21\bin\msvcp140.dll
0x00007ff8abdf0000 - 0x00007ff8acb07000 	C:\Program Files\Java\jdk-21\bin\server\jvm.dll
0x00007ff923250000 - 0x00007ff9232bb000 	C:\WINDOWS\System32\WS2_32.dll
0x00007ff9223f0000 - 0x00007ff92243b000 	C:\WINDOWS\SYSTEM32\POWRPROF.dll
0x00007ff910bb0000 - 0x00007ff910bd7000 	C:\WINDOWS\SYSTEM32\WINMM.dll
0x00007ff9223d0000 - 0x00007ff9223e2000 	C:\WINDOWS\SYSTEM32\UMPDC.dll
0x00007ff920410000 - 0x00007ff920422000 	C:\WINDOWS\SYSTEM32\kernel.appcore.dll
0x00007ff91b6b0000 - 0x00007ff91b6ba000 	C:\Program Files\Java\jdk-21\bin\jimage.dll
0x00007ff9105e0000 - 0x00007ff9107c4000 	C:\WINDOWS\SYSTEM32\DBGHELP.DLL
0x00007ff90fe70000 - 0x00007ff90fea4000 	C:\WINDOWS\SYSTEM32\dbgcore.DLL
0x00007ff922ca0000 - 0x00007ff922d22000 	C:\WINDOWS\System32\bcryptPrimitives.dll
0x00007ff90eab0000 - 0x00007ff90eacf000 	C:\Program Files\Java\jdk-21\bin\java.dll

dbghelp: loaded successfully - version: 4.0.5 - missing functions: none
symbol engine: initialized successfully - sym options: 0x614 - pdb path: .;C:\Program Files\Java\jdk-21\bin;C:\WINDOWS\SYSTEM32;C:\WINDOWS\WinSxS\amd64_microsoft.windows.common-controls_6595b64144ccf1df_6.0.19041.4355_none_60b8b9eb71f62e16;C:\Program Files\Java\jdk-21\bin\server

VM Arguments:
jvm_args: -Dfile.encoding=UTF-8 --module-path=E:\OneDrive\Documents\NetBeansProjects\project-1\build\classes 
java_command: project.pkg1.Login
java_class_path (initial): E:\OneDrive\Documents\mysql-connector-java-8.0.28.jar;E:\OneDrive\Documents\jcalendar-tz-1.3.3-4.jar;E:\OneDrive\Documents\NetBeansProjects\project-1\build\classes
Launcher Type: SUN_STANDARD

[Global flags]
     intx CICompilerCount                          = 3                                         {product} {ergonomic}
     uint ConcGCThreads                            = 1                                         {product} {ergonomic}
     uint G1ConcRefinementThreads                  = 4                                         {product} {ergonomic}
   size_t G1HeapRegionSize                         = 1048576                                   {product} {ergonomic}
    uintx GCDrainStackTargetSize                   = 64                                        {product} {ergonomic}
   size_t InitialHeapSize                          = 67108864                                  {product} {ergonomic}
   size_t MarkStackSize                            = 4194304                                   {product} {ergonomic}
   size_t MaxHeapSize                              = 1059061760                                {product} {ergonomic}
   size_t MinHeapDeltaBytes                        = 1048576                                   {product} {ergonomic}
   size_t MinHeapSize                              = 8388608                                   {product} {ergonomic}
    uintx NonNMethodCodeHeapSize                   = 5832780                                {pd product} {ergonomic}
    uintx NonProfiledCodeHeapSize                  = 122912730                              {pd product} {ergonomic}
    uintx ProfiledCodeHeapSize                     = 122912730                              {pd product} {ergonomic}
    uintx ReservedCodeCacheSize                    = 251658240                              {pd product} {ergonomic}
     bool SegmentedCodeCache                       = true                                      {product} {ergonomic}
   size_t SoftMaxHeapSize                          = 1059061760                             {manageable} {ergonomic}
     bool UseCompressedOops                        = true                           {product lp64_product} {ergonomic}
     bool UseG1GC                                  = true                                      {product} {ergonomic}
     bool UseLargePagesIndividualAllocation        = false                                  {pd product} {ergonomic}

Logging:
Log output configuration:
 #0: stdout all=warning uptime,level,tags foldmultilines=false
 #1: stderr all=off uptime,level,tags foldmultilines=false

Environment Variables:
PATH=C:\Program Files\Common Files\Oracle\Java\javapath;C:\WINDOWS\system32;C:\WINDOWS;C:\WINDOWS\System32\Wbem;C:\WINDOWS\System32\WindowsPowerShell\v1.0\;C:\WINDOWS\System32\OpenSSH\;C:\xampp\php;C:\ProgramData\ComposerSetup\bin;C:\Program Files\MySQL\MySQL Shell 8.0\bin\;C:\Users\PC\AppData\Local\Microsoft\WindowsApps;C:\Users\PC\AppData\Local\Programs\Microsoft VS Code\bin;C:\Users\PC\AppData\Local\GitHubDesktop\bin;C:\Users\PC\AppData\Roaming\Composer\vendor\bin;C:\MinGW\bin;;C:\Program Files\JetBrains\IntelliJ IDEA Community Edition 2023.3.4\bin;
USERNAME=PC
OS=Windows_NT
PROCESSOR_IDENTIFIER=Intel64 Family 6 Model 42 Stepping 7, GenuineIntel
TMP=C:\Users\PC\AppData\Local\Temp
TEMP=C:\Users\PC\AppData\Local\Temp




Periodic native trim disabled

---------------  S Y S T E M  ---------------

OS:
 Windows 10 , 64 bit Build 19041 (10.0.19041.3636)
OS uptime: 0 days 3:04 hours

CPU: total 4 (initial active 4) (4 cores per cpu, 1 threads per core) family 6 model 42 stepping 7 microcode 0x2f, cx8, cmov, fxsr, mmx, sse, sse2, sse3, ssse3, sse4.1, sse4.2, popcnt, tsc, tscinvbit, avx, aes, clmul, vzeroupper, clflush, rdtscp
Processor Information for all 4 processors :
  Max Mhz: 3101, Current Mhz: 3101, Mhz Limit: 3101

Memory: 4k page, system-wide physical 4034M (374M free)
TotalPageFile size 16322M (AvailPageFile size 13M)
current process WorkingSet (physical memory assigned to process): 10M, peak: 10M
current process commit charge ("private bytes"): 51M, peak: 115M

vm_info: Java HotSpot(TM) 64-Bit Server VM (21.0.2+13-LTS-58) for windows-amd64 JRE (21.0.2+13-LTS-58), built on 2024-01-05T18:32:24Z by "mach5one" with MS VC++ 17.1 (VS2022)

END.
